Capstone/app/build/intermediates/manifest_merge_blame_file/debug/manifest-merger-blame-debug-report.txt
1<?xml version="1.0" encoding="utf-8"?>
2<manifest xmlns:android="http://schemas.android.com/apk/res/android"
3    package="com.google.mlkit.vision.demo"
4    android:installLocation="auto"
5    android:versionCode="11"
6    android:versionName="1.11" >
7
8    <uses-sdk
8-->src\main\AndroidManifest.xml:7:5-157
9        android:minSdkVersion="19"
9-->src\main\AndroidManifest.xml:7:5-157
10        android:targetSdkVersion="31" />
10-->src\main\AndroidManifest.xml:7:5-157
11
12    <uses-feature android:name="android.hardware.camera" />
12-->src\main\AndroidManifest.xml:9:5-60
12-->src\main\AndroidManifest.xml:9:19-57
13
14    <uses-permission android:name="android.permission.INTERNET" />
14-->src\main\AndroidManifest.xml:11:5-67
14-->src\main\AndroidManifest.xml:11:22-64
15    <uses-permission android:name="android.permission.WRITE_EXTERNAL_STORAGE" />
15-->src\main\AndroidManifest.xml:12:5-81
15-->src\main\AndroidManifest.xml:12:22-78
16    <uses-permission android:name="android.permission.READ_EXTERNAL_STORAGE" />
16-->src\main\AndroidManifest.xml:13:5-80
16-->src\main\AndroidManifest.xml:13:22-77
17    <uses-permission android:name="android.permission.CAMERA" />
17-->src\main\AndroidManifest.xml:14:5-65
17-->src\main\AndroidManifest.xml:14:22-62
18
19    <queries>
19-->src\main\AndroidManifest.xml:16:5-20:15
20        <intent>
20-->src\main\AndroidManifest.xml:17:9-19:18
21            <action android:name="android.media.action.IMAGE_CAPTURE" />
21-->src\main\AndroidManifest.xml:18:13-73
21-->src\main\AndroidManifest.xml:18:21-70
22        </intent>
23    </queries>
24
25    <!-- For remote config -->
26    <uses-permission android:name="android.permission.ACCESS_NETWORK_STATE" />
26-->[com.google.mlkit:pose-detection-common:18.0.0-beta3] AndroidManifest.xml:7:5-79
26-->[com.google.mlkit:pose-detection-common:18.0.0-beta3] AndroidManifest.xml:7:22-76
27    <uses-permission android:name="android.permission.WAKE_LOCK" />
27-->[com.google.android.gms:play-services-measurement-api:21.2.0] AndroidManifest.xml:24:5-68
27-->[com.google.android.gms:play-services-measurement-api:21.2.0] AndroidManifest.xml:24:22-65
28    <uses-permission android:name="com.google.android.gms.permission.AD_ID" />
28-->[com.google.android.gms:play-services-measurement-api:21.2.0] AndroidManifest.xml:25:5-79
28-->[com.google.android.gms:play-services-measurement-api:21.2.0] AndroidManifest.xml:25:22-76
29    <uses-permission android:name="com.google.android.finsky.permission.BIND_GET_INSTALL_REFERRER_SERVICE" />
29-->[com.google.android.gms:play-services-measurement:21.2.0] AndroidManifest.xml:26:5-110
29-->[com.google.android.gms:play-services-measurement:21.2.0] AndroidManifest.xml:26:22-107
30    <uses-permission android:name="android.permission.RECEIVE_BOOT_COMPLETED" />
30-->[androidx.work:work-runtime:2.7.0] AndroidManifest.xml:27:5-81
30-->[androidx.work:work-runtime:2.7.0] AndroidManifest.xml:27:22-78
31    <uses-permission android:name="android.permission.FOREGROUND_SERVICE" />
31-->[androidx.work:work-runtime:2.7.0] AndroidManifest.xml:28:5-77
31-->[androidx.work:work-runtime:2.7.0] AndroidManifest.xml:28:22-74
32
33    <application
33-->src\main\AndroidManifest.xml:22:5-75:19
34        android:name="androidx.multidex.MultiDexApplication"
34-->src\main\AndroidManifest.xml:23:9-61
35        android:appComponentFactory="androidx.core.app.CoreComponentFactory"
35-->[androidx.core:core:1.6.0] AndroidManifest.xml:24:18-86
36        android:debuggable="true"
37        android:icon="@drawable/visao_eye"
37-->src\main\AndroidManifest.xml:24:9-43
38        android:label="@string/app_name"
38-->src\main\AndroidManifest.xml:25:9-41
39        android:testOnly="true"
40        android:theme="@style/Theme.AppCompat" >
40-->src\main\AndroidManifest.xml:26:9-47
41        <activity
41-->src\main\AndroidManifest.xml:27:9-38:20
42            android:name="com.pyth.camactivity.visao.demo.kotlin.LoginActivity"
42-->src\main\AndroidManifest.xml:28:13-80
43            android:exported="true" >
43-->src\main\AndroidManifest.xml:29:13-36
44            <meta-data
44-->src\main\AndroidManifest.xml:30:13-32:36
45                android:name="android.app.lib_name"
45-->src\main\AndroidManifest.xml:31:17-52
46                android:value="" />
46-->src\main\AndroidManifest.xml:32:17-33
47
48            <intent-filter>
48-->src\main\AndroidManifest.xml:33:13-37:29
49                <action android:name="android.intent.action.MAIN" />
49-->src\main\AndroidManifest.xml:34:17-69
49-->src\main\AndroidManifest.xml:34:25-66
50
51                <category android:name="android.intent.category.LAUNCHER" />
51-->src\main\AndroidManifest.xml:36:17-77
51-->src\main\AndroidManifest.xml:36:27-74
52            </intent-filter>
53        </activity>
54
55        <meta-data
55-->src\main\AndroidManifest.xml:40:9-42:69
56            android:name="com.google.android.gms.version"
56-->src\main\AndroidManifest.xml:41:13-58
57            android:value="@integer/google_play_services_version" />
57-->src\main\AndroidManifest.xml:42:13-66
58        <!--
59 Optional: Add it to automatically download ML model to device after
60          your app is installed.
61        -->
62        <meta-data
62-->src\main\AndroidManifest.xml:47:9-49:63
63            android:name="com.google.mlkit.vision.DEPENDENCIES"
63-->src\main\AndroidManifest.xml:48:13-64
64            android:value="barcode,face,ocr,ica,custom_ica" />
64-->src\main\AndroidManifest.xml:49:13-60
65
66        <activity
66-->src\main\AndroidManifest.xml:51:9-55:20
67            android:name="com.google.mlkit.vision.demo.kotlin.ChooserActivity"
67-->src\main\AndroidManifest.xml:52:13-51
68            android:exported="true"
68-->src\main\AndroidManifest.xml:53:13-36
69            android:theme="@style/AppTheme" >
69-->src\main\AndroidManifest.xml:54:13-44
70        </activity>
71        <activity
71-->src\main\AndroidManifest.xml:56:9-59:56
72            android:name="com.google.mlkit.vision.demo.kotlin.LivePreviewActivity"
72-->src\main\AndroidManifest.xml:57:13-55
73            android:exported="false"
73-->src\main\AndroidManifest.xml:58:13-37
74            android:theme="@style/AppTheme" />
74-->src\main\AndroidManifest.xml:59:13-44
75        <activity
75-->src\main\AndroidManifest.xml:60:9-63:56
76            android:name="com.google.mlkit.vision.demo.kotlin.CameraXLivePreviewActivity"
76-->src\main\AndroidManifest.xml:61:13-62
77            android:exported="false"
77-->src\main\AndroidManifest.xml:62:13-37
78            android:theme="@style/AppTheme" />
78-->src\main\AndroidManifest.xml:63:13-44
79        <activity
79-->src\main\AndroidManifest.xml:64:9-67:56
80            android:name="com.google.mlkit.vision.demo.kotlin.CameraXSourceDemoActivity"
80-->src\main\AndroidManifest.xml:65:13-61
81            android:exported="false"
81-->src\main\AndroidManifest.xml:66:13-37
82            android:theme="@style/AppTheme" />
82-->src\main\AndroidManifest.xml:67:13-44
83        <activity
83-->src\main\AndroidManifest.xml:68:9-71:56
84            android:name="com.google.mlkit.vision.demo.kotlin.StillImageActivity"
84-->src\main\AndroidManifest.xml:69:13-54
85            android:exported="false"
85-->src\main\AndroidManifest.xml:70:13-37
86            android:theme="@style/AppTheme" />
86-->src\main\AndroidManifest.xml:71:13-44
87        <activity
87-->src\main\AndroidManifest.xml:72:9-74:40
88            android:name="com.google.mlkit.vision.demo.preference.SettingsActivity"
88-->src\main\AndroidManifest.xml:73:13-56
89            android:exported="false" />
89-->src\main\AndroidManifest.xml:74:13-37
90
91        <service
91-->[com.google.firebase:firebase-analytics-ktx:21.2.0] AndroidManifest.xml:8:9-14:19
92            android:name="com.google.firebase.components.ComponentDiscoveryService"
92-->[com.google.firebase:firebase-analytics-ktx:21.2.0] AndroidManifest.xml:9:13-84
93            android:directBootAware="true"
93-->[com.google.firebase:firebase-common:20.3.1] AndroidManifest.xml:34:13-43
94            android:exported="false" >
94-->[com.google.firebase:firebase-analytics-ktx:21.2.0] AndroidManifest.xml:10:13-37
95            <meta-data
95-->[com.google.firebase:firebase-analytics-ktx:21.2.0] AndroidManifest.xml:11:13-13:85
96                android:name="com.google.firebase.components:com.google.firebase.analytics.ktx.FirebaseAnalyticsKtxRegistrar"
96-->[com.google.firebase:firebase-analytics-ktx:21.2.0] AndroidManifest.xml:12:17-126
97                android:value="com.google.firebase.components.ComponentRegistrar" />
97-->[com.google.firebase:firebase-analytics-ktx:21.2.0] AndroidManifest.xml:13:17-82
98            <meta-data
98-->[com.google.firebase:firebase-common-ktx:20.3.1] AndroidManifest.xml:14:13-16:85
99                android:name="com.google.firebase.components:com.google.firebase.ktx.FirebaseCommonKtxRegistrar"
99-->[com.google.firebase:firebase-common-ktx:20.3.1] AndroidManifest.xml:15:17-113
100                android:value="com.google.firebase.components.ComponentRegistrar" />
100-->[com.google.firebase:firebase-common-ktx:20.3.1] AndroidManifest.xml:16:17-82
101            <meta-data
101-->[com.google.firebase:firebase-auth:21.1.0] AndroidManifest.xml:67:13-69:85
102                android:name="com.google.firebase.components:com.google.firebase.auth.FirebaseAuthRegistrar"
102-->[com.google.firebase:firebase-auth:21.1.0] AndroidManifest.xml:68:17-109
103                android:value="com.google.firebase.components.ComponentRegistrar" />
103-->[com.google.firebase:firebase-auth:21.1.0] AndroidManifest.xml:69:17-82
104            <meta-data
104-->[com.google.android.gms:play-services-measurement-api:21.2.0] AndroidManifest.xml:31:13-33:85
105                android:name="com.google.firebase.components:com.google.firebase.analytics.connector.internal.AnalyticsConnectorRegistrar"
105-->[com.google.android.gms:play-services-measurement-api:21.2.0] AndroidManifest.xml:32:17-139
106                android:value="com.google.firebase.components.ComponentRegistrar" />
106-->[com.google.android.gms:play-services-measurement-api:21.2.0] AndroidManifest.xml:33:17-82
107            <meta-data
107-->[com.google.firebase:firebase-installations:17.1.3] AndroidManifest.xml:17:13-19:85
108                android:name="com.google.firebase.components:com.google.firebase.installations.FirebaseInstallationsRegistrar"
108-->[com.google.firebase:firebase-installations:17.1.3] AndroidManifest.xml:18:17-127
109                android:value="com.google.firebase.components.ComponentRegistrar" />
109-->[com.google.firebase:firebase-installations:17.1.3] AndroidManifest.xml:19:17-82
110        </service>
111        <!--
112             Required for ML Kit Pose Detection GPU acceleration. Applications that target Android
113             S+ require explicit declaration of any referenced vendor-provided libraries.
114        -->
115        <uses-native-library
115-->[com.google.mlkit:pose-detection-common:18.0.0-beta3] AndroidManifest.xml:16:9-18:40
116            android:name="libOpenCL.so"
116-->[com.google.mlkit:pose-detection-common:18.0.0-beta3] AndroidManifest.xml:17:13-40
117            android:required="false" />
117-->[com.google.mlkit:pose-detection-common:18.0.0-beta3] AndroidManifest.xml:18:13-37
118        <uses-native-library
118-->[com.google.mlkit:pose-detection-common:18.0.0-beta3] AndroidManifest.xml:16:9-18:40
119            android:name="libOpenCL-car.so"
119-->[com.google.mlkit:pose-detection-common:18.0.0-beta3] AndroidManifest.xml:17:13-40
120            android:required="false" />
120-->[com.google.mlkit:pose-detection-common:18.0.0-beta3] AndroidManifest.xml:18:13-37
121        <uses-native-library
121-->[com.google.mlkit:pose-detection-common:18.0.0-beta3] AndroidManifest.xml:16:9-18:40
122            android:name="libOpenCL-pixel.so"
122-->[com.google.mlkit:pose-detection-common:18.0.0-beta3] AndroidManifest.xml:17:13-40
123            android:required="false" />
123-->[com.google.mlkit:pose-detection-common:18.0.0-beta3] AndroidManifest.xml:18:13-37
124
125        <service
125-->[com.google.mlkit:pose-detection-common:18.0.0-beta3] AndroidManifest.xml:26:9-32:19
126            android:name="com.google.mlkit.common.internal.MlKitComponentDiscoveryService"
126-->[com.google.mlkit:pose-detection-common:18.0.0-beta3] AndroidManifest.xml:27:13-91
127            android:directBootAware="true"
127-->[com.google.mlkit:common:18.6.0] AndroidManifest.xml:17:13-43
128            android:exported="false" >
128-->[com.google.mlkit:pose-detection-common:18.0.0-beta3] AndroidManifest.xml:28:13-37
129            <meta-data
129-->[com.google.mlkit:pose-detection-common:18.0.0-beta3] AndroidManifest.xml:29:13-31:85
130                android:name="com.google.firebase.components:com.google.mlkit.vision.pose.internal.PoseRegistrar"
130-->[com.google.mlkit:pose-detection-common:18.0.0-beta3] AndroidManifest.xml:30:17-114
131                android:value="com.google.firebase.components.ComponentRegistrar" />
131-->[com.google.mlkit:pose-detection-common:18.0.0-beta3] AndroidManifest.xml:31:17-82
132            <meta-data
132-->[com.google.mlkit:object-detection:17.0.0] AndroidManifest.xml:14:13-16:85
133                android:name="com.google.firebase.components:com.google.mlkit.vision.objects.defaults.internal.DefaultObjectsRegistrar"
133-->[com.google.mlkit:object-detection:17.0.0] AndroidManifest.xml:15:17-136
134                android:value="com.google.firebase.components.ComponentRegistrar" />
134-->[com.google.mlkit:object-detection:17.0.0] AndroidManifest.xml:16:17-82
135            <meta-data
135-->[com.google.mlkit:object-detection-custom:17.0.0] AndroidManifest.xml:11:13-13:85
136                android:name="com.google.firebase.components:com.google.mlkit.vision.objects.custom.internal.CustomObjectsRegistrar"
136-->[com.google.mlkit:object-detection-custom:17.0.0] AndroidManifest.xml:12:17-133
137                android:value="com.google.firebase.components.ComponentRegistrar" />
137-->[com.google.mlkit:object-detection-custom:17.0.0] AndroidManifest.xml:13:17-82
138            <meta-data
138-->[com.google.mlkit:image-labeling:17.0.7] AndroidManifest.xml:11:13-13:85
139                android:name="com.google.firebase.components:com.google.mlkit.vision.label.defaults.internal.BundledLabelRegistrar"
139-->[com.google.mlkit:image-labeling:17.0.7] AndroidManifest.xml:12:17-132
140                android:value="com.google.firebase.components.ComponentRegistrar" />
140-->[com.google.mlkit:image-labeling:17.0.7] AndroidManifest.xml:13:17-82
141            <meta-data
141-->[com.google.mlkit:image-labeling-custom:17.0.1] AndroidManifest.xml:11:13-13:85
142                android:name="com.google.firebase.components:com.google.mlkit.vision.label.custom.internal.CustomLabelRegistrar"
142-->[com.google.mlkit:image-labeling-custom:17.0.1] AndroidManifest.xml:12:17-129
143                android:value="com.google.firebase.components.ComponentRegistrar" />
143-->[com.google.mlkit:image-labeling-custom:17.0.1] AndroidManifest.xml:13:17-82
144            <meta-data
144-->[com.google.mlkit:segmentation-selfie:16.0.0-beta4] AndroidManifest.xml:12:13-14:85
145                android:name="com.google.firebase.components:com.google.mlkit.vision.segmentation.internal.SegmentationRegistrar"
145-->[com.google.mlkit:segmentation-selfie:16.0.0-beta4] AndroidManifest.xml:13:17-130
146                android:value="com.google.firebase.components.ComponentRegistrar" />
146-->[com.google.mlkit:segmentation-selfie:16.0.0-beta4] AndroidManifest.xml:14:17-82
147            <meta-data
147-->[com.google.mlkit:face-mesh-detection:16.0.0-beta1] AndroidManifest.xml:11:13-13:85
148                android:name="com.google.firebase.components:com.google.mlkit.vision.facemesh.internal.FaceMeshRegistrar"
148-->[com.google.mlkit:face-mesh-detection:16.0.0-beta1] AndroidManifest.xml:12:17-122
149                android:value="com.google.firebase.components.ComponentRegistrar" />
149-->[com.google.mlkit:face-mesh-detection:16.0.0-beta1] AndroidManifest.xml:13:17-82
150            <meta-data
150-->[com.google.android.gms:play-services-mlkit-barcode-scanning:18.1.0] AndroidManifest.xml:12:13-14:85
151                android:name="com.google.firebase.components:com.google.mlkit.vision.barcode.internal.BarcodeRegistrar"
151-->[com.google.android.gms:play-services-mlkit-barcode-scanning:18.1.0] AndroidManifest.xml:13:17-120
152                android:value="com.google.firebase.components.ComponentRegistrar" />
152-->[com.google.android.gms:play-services-mlkit-barcode-scanning:18.1.0] AndroidManifest.xml:14:17-82
153            <meta-data
153-->[com.google.mlkit:vision-internal-vkp:18.2.2] AndroidManifest.xml:14:13-16:85
154                android:name="com.google.firebase.components:com.google.mlkit.vision.vkp.VkpRegistrar"
154-->[com.google.mlkit:vision-internal-vkp:18.2.2] AndroidManifest.xml:15:17-103
155                android:value="com.google.firebase.components.ComponentRegistrar" />
155-->[com.google.mlkit:vision-internal-vkp:18.2.2] AndroidManifest.xml:16:17-82
156            <meta-data
156-->[com.google.android.gms:play-services-mlkit-face-detection:17.0.1] AndroidManifest.xml:12:13-14:85
157                android:name="com.google.firebase.components:com.google.mlkit.vision.face.internal.FaceRegistrar"
157-->[com.google.android.gms:play-services-mlkit-face-detection:17.0.1] AndroidManifest.xml:13:17-114
158                android:value="com.google.firebase.components.ComponentRegistrar" />
158-->[com.google.android.gms:play-services-mlkit-face-detection:17.0.1] AndroidManifest.xml:14:17-82
159            <meta-data
159-->[com.google.android.gms:play-services-mlkit-text-recognition-common:18.0.0] AndroidManifest.xml:12:13-14:85
160                android:name="com.google.firebase.components:com.google.mlkit.vision.text.internal.TextRegistrar"
160-->[com.google.android.gms:play-services-mlkit-text-recognition-common:18.0.0] AndroidManifest.xml:13:17-114
161                android:value="com.google.firebase.components.ComponentRegistrar" />
161-->[com.google.android.gms:play-services-mlkit-text-recognition-common:18.0.0] AndroidManifest.xml:14:17-82
162            <meta-data
162-->[com.google.mlkit:vision-common:17.3.0] AndroidManifest.xml:12:13-14:85
163                android:name="com.google.firebase.components:com.google.mlkit.vision.common.internal.VisionCommonRegistrar"
163-->[com.google.mlkit:vision-common:17.3.0] AndroidManifest.xml:13:17-124
164                android:value="com.google.firebase.components.ComponentRegistrar" />
164-->[com.google.mlkit:vision-common:17.3.0] AndroidManifest.xml:14:17-82
165            <meta-data
165-->[com.google.mlkit:common:18.6.0] AndroidManifest.xml:20:13-22:85
166                android:name="com.google.firebase.components:com.google.mlkit.common.internal.CommonComponentRegistrar"
166-->[com.google.mlkit:common:18.6.0] AndroidManifest.xml:21:17-120
167                android:value="com.google.firebase.components.ComponentRegistrar" />
167-->[com.google.mlkit:common:18.6.0] AndroidManifest.xml:22:17-82
168        </service>
169        <service
169-->[com.google.mlkit:acceleration:16.0.0-beta1] AndroidManifest.xml:8:9-11:68
170            android:name="com.google.mlkit.acceleration.internal.MlKitRemoteWorkerService"
170-->[com.google.mlkit:acceleration:16.0.0-beta1] AndroidManifest.xml:9:13-91
171            android:exported="false"
171-->[com.google.mlkit:acceleration:16.0.0-beta1] AndroidManifest.xml:10:13-37
172            android:process=":mlkit_acceleration_mini_benchmark" />
172-->[com.google.mlkit:acceleration:16.0.0-beta1] AndroidManifest.xml:11:13-65
173        <service
173-->[androidx.work:work-multiprocess:2.7.0] AndroidManifest.xml:25:9-27:40
174            android:name="androidx.work.multiprocess.RemoteWorkManagerService"
174-->[androidx.work:work-multiprocess:2.7.0] AndroidManifest.xml:26:13-79
175            android:exported="false" />
175-->[androidx.work:work-multiprocess:2.7.0] AndroidManifest.xml:27:13-37
176
177        <activity
177-->[com.google.firebase:firebase-auth:21.1.0] AndroidManifest.xml:27:9-44:20
178            android:name="com.google.firebase.auth.internal.GenericIdpActivity"
178-->[com.google.firebase:firebase-auth:21.1.0] AndroidManifest.xml:28:13-80
179            android:excludeFromRecents="true"
179-->[com.google.firebase:firebase-auth:21.1.0] AndroidManifest.xml:29:13-46
180            android:exported="true"
180-->[com.google.firebase:firebase-auth:21.1.0] AndroidManifest.xml:30:13-36
181            android:launchMode="singleTask"
181-->[com.google.firebase:firebase-auth:21.1.0] AndroidManifest.xml:31:13-44
182            android:theme="@android:style/Theme.Translucent.NoTitleBar" >
182-->[com.google.firebase:firebase-auth:21.1.0] AndroidManifest.xml:32:13-72
183            <intent-filter>
183-->[com.google.firebase:firebase-auth:21.1.0] AndroidManifest.xml:33:13-43:29
184                <action android:name="android.intent.action.VIEW" />
184-->[com.google.firebase:firebase-auth:21.1.0] AndroidManifest.xml:34:17-69
184-->[com.google.firebase:firebase-auth:21.1.0] AndroidManifest.xml:34:25-66
185
186                <category android:name="android.intent.category.DEFAULT" />
186-->[com.google.firebase:firebase-auth:21.1.0] AndroidManifest.xml:36:17-76
186-->[com.google.firebase:firebase-auth:21.1.0] AndroidManifest.xml:36:27-73
187                <category android:name="android.intent.category.BROWSABLE" />
187-->[com.google.firebase:firebase-auth:21.1.0] AndroidManifest.xml:37:17-78
187-->[com.google.firebase:firebase-auth:21.1.0] AndroidManifest.xml:37:27-75
188
189                <data
189-->[com.google.firebase:firebase-auth:21.1.0] AndroidManifest.xml:39:17-42:51
190                    android:host="firebase.auth"
190-->[com.google.firebase:firebase-auth:21.1.0] AndroidManifest.xml:40:21-49
191                    android:path="/"
191-->[com.google.firebase:firebase-auth:21.1.0] AndroidManifest.xml:41:21-37
192                    android:scheme="genericidp" />
192-->[com.google.firebase:firebase-auth:21.1.0] AndroidManifest.xml:42:21-48
193            </intent-filter>
194        </activity>
195        <activity
195-->[com.google.firebase:firebase-auth:21.1.0] AndroidManifest.xml:45:9-62:20
196            android:name="com.google.firebase.auth.internal.RecaptchaActivity"
196-->[com.google.firebase:firebase-auth:21.1.0] AndroidManifest.xml:46:13-79
197            android:excludeFromRecents="true"
197-->[com.google.firebase:firebase-auth:21.1.0] AndroidManifest.xml:47:13-46
198            android:exported="true"
198-->[com.google.firebase:firebase-auth:21.1.0] AndroidManifest.xml:48:13-36
199            android:launchMode="singleTask"
199-->[com.google.firebase:firebase-auth:21.1.0] AndroidManifest.xml:49:13-44
200            android:theme="@android:style/Theme.Translucent.NoTitleBar" >
200-->[com.google.firebase:firebase-auth:21.1.0] AndroidManifest.xml:50:13-72
201            <intent-filter>
201-->[com.google.firebase:firebase-auth:21.1.0] AndroidManifest.xml:51:13-61:29
202                <action android:name="android.intent.action.VIEW" />
202-->[com.google.firebase:firebase-auth:21.1.0] AndroidManifest.xml:34:17-69
202-->[com.google.firebase:firebase-auth:21.1.0] AndroidManifest.xml:34:25-66
203
204                <category android:name="android.intent.category.DEFAULT" />
204-->[com.google.firebase:firebase-auth:21.1.0] AndroidManifest.xml:36:17-76
204-->[com.google.firebase:firebase-auth:21.1.0] AndroidManifest.xml:36:27-73
205                <category android:name="android.intent.category.BROWSABLE" />
205-->[com.google.firebase:firebase-auth:21.1.0] AndroidManifest.xml:37:17-78
205-->[com.google.firebase:firebase-auth:21.1.0] AndroidManifest.xml:37:27-75
206
207                <data
207-->[com.google.firebase:firebase-auth:21.1.0] AndroidManifest.xml:39:17-42:51
208                    android:host="firebase.auth"
208-->[com.google.firebase:firebase-auth:21.1.0] AndroidManifest.xml:40:21-49
209                    android:path="/"
209-->[com.google.firebase:firebase-auth:21.1.0] AndroidManifest.xml:41:21-37
210                    android:scheme="recaptcha" />
210-->[com.google.firebase:firebase-auth:21.1.0] AndroidManifest.xml:42:21-48
211            </intent-filter>
212        </activity>
213        <activity
213-->[com.google.android.gms:play-services-auth:20.4.1] AndroidManifest.xml:23:9-27:75
214            android:name="com.google.android.gms.auth.api.signin.internal.SignInHubActivity"
214-->[com.google.android.gms:play-services-auth:20.4.1] AndroidManifest.xml:24:13-93
215            android:excludeFromRecents="true"
215-->[com.google.android.gms:play-services-auth:20.4.1] AndroidManifest.xml:25:13-46
216            android:exported="false"
216-->[com.google.android.gms:play-services-auth:20.4.1] AndroidManifest.xml:26:13-37
217            android:theme="@android:style/Theme.Translucent.NoTitleBar" />
217-->[com.google.android.gms:play-services-auth:20.4.1] AndroidManifest.xml:27:13-72
218        <!--
219            Service handling Google Sign-In user revocation. For apps that do not integrate with
220            Google Sign-In, this service will never be started.
221        -->
222        <service
222-->[com.google.android.gms:play-services-auth:20.4.1] AndroidManifest.xml:33:9-37:51
223            android:name="com.google.android.gms.auth.api.signin.RevocationBoundService"
223-->[com.google.android.gms:play-services-auth:20.4.1] AndroidManifest.xml:34:13-89
224            android:exported="true"
224-->[com.google.android.gms:play-services-auth:20.4.1] AndroidManifest.xml:35:13-36
225            android:permission="com.google.android.gms.auth.api.signin.permission.REVOCATION_NOTIFICATION"
225-->[com.google.android.gms:play-services-auth:20.4.1] AndroidManifest.xml:36:13-107
226            android:visibleToInstantApps="true" />
226-->[com.google.android.gms:play-services-auth:20.4.1] AndroidManifest.xml:37:13-48
227
228        <provider
228-->[com.google.mlkit:common:18.6.0] AndroidManifest.xml:9:9-13:38
229            android:name="com.google.mlkit.common.internal.MlKitInitProvider"
229-->[com.google.mlkit:common:18.6.0] AndroidManifest.xml:10:13-78
230            android:authorities="com.google.mlkit.vision.demo.mlkitinitprovider"
230-->[com.google.mlkit:common:18.6.0] AndroidManifest.xml:11:13-69
231            android:exported="false"
231-->[com.google.mlkit:common:18.6.0] AndroidManifest.xml:12:13-37
232            android:initOrder="99" />
232-->[com.google.mlkit:common:18.6.0] AndroidManifest.xml:13:13-35
233
234        <activity
234-->[com.google.android.gms:play-services-base:18.1.0] AndroidManifest.xml:20:9-22:45
235            android:name="com.google.android.gms.common.api.GoogleApiActivity"
235-->[com.google.android.gms:play-services-base:18.1.0] AndroidManifest.xml:20:19-85
236            android:exported="false"
236-->[com.google.android.gms:play-services-base:18.1.0] AndroidManifest.xml:22:19-43
237            android:theme="@android:style/Theme.Translucent.NoTitleBar" />
237-->[com.google.android.gms:play-services-base:18.1.0] AndroidManifest.xml:21:19-78
238
239        <provider
239-->[com.google.firebase:firebase-common:20.3.1] AndroidManifest.xml:25:9-30:39
240            android:name="com.google.firebase.provider.FirebaseInitProvider"
240-->[com.google.firebase:firebase-common:20.3.1] AndroidManifest.xml:26:13-77
241            android:authorities="com.google.mlkit.vision.demo.firebaseinitprovider"
241-->[com.google.firebase:firebase-common:20.3.1] AndroidManifest.xml:27:13-72
242            android:directBootAware="true"
242-->[com.google.firebase:firebase-common:20.3.1] AndroidManifest.xml:28:13-43
243            android:exported="false"
243-->[com.google.firebase:firebase-common:20.3.1] AndroidManifest.xml:29:13-37
244            android:initOrder="100" />
244-->[com.google.firebase:firebase-common:20.3.1] AndroidManifest.xml:30:13-36
245
246        <receiver
246-->[com.google.android.gms:play-services-measurement:21.2.0] AndroidManifest.xml:29:9-33:20
247            android:name="com.google.android.gms.measurement.AppMeasurementReceiver"
247-->[com.google.android.gms:play-services-measurement:21.2.0] AndroidManifest.xml:30:13-85
248            android:enabled="true"
248-->[com.google.android.gms:play-services-measurement:21.2.0] AndroidManifest.xml:31:13-35
249            android:exported="false" >
249-->[com.google.android.gms:play-services-measurement:21.2.0] AndroidManifest.xml:32:13-37
250        </receiver>
251
252        <service
252-->[com.google.android.gms:play-services-measurement:21.2.0] AndroidManifest.xml:35:9-38:40
253            android:name="com.google.android.gms.measurement.AppMeasurementService"
253-->[com.google.android.gms:play-services-measurement:21.2.0] AndroidManifest.xml:36:13-84
254            android:enabled="true"
254-->[com.google.android.gms:play-services-measurement:21.2.0] AndroidManifest.xml:37:13-35
255            android:exported="false" />
255-->[com.google.android.gms:play-services-measurement:21.2.0] AndroidManifest.xml:38:13-37
256        <service
256-->[com.google.android.gms:play-services-measurement:21.2.0] AndroidManifest.xml:39:9-43:72
257            android:name="com.google.android.gms.measurement.AppMeasurementJobService"
257-->[com.google.android.gms:play-services-measurement:21.2.0] AndroidManifest.xml:40:13-87
258            android:enabled="true"
258-->[com.google.android.gms:play-services-measurement:21.2.0] AndroidManifest.xml:41:13-35
259            android:exported="false"
259-->[com.google.android.gms:play-services-measurement:21.2.0] AndroidManifest.xml:42:13-37
260            android:permission="android.permission.BIND_JOB_SERVICE" />
260-->[com.google.android.gms:play-services-measurement:21.2.0] AndroidManifest.xml:43:13-69
261
262        <provider